2026-01-09 07:28:28 [INFO]: 游니 RUNNING http://localhost:3001
2026-01-09 07:28:40 [INFO]: 游니 RUNNING http://localhost:3001
2026-01-09 07:28:54 [INFO]: 游니 RUNNING http://localhost:3001
2026-01-09 07:35:02 [INFO]: 游니 RUNNING http://localhost:3001
2026-01-09 07:37:00 [INFO]: 游니 RUNNING http://localhost:3001
2026-01-09 07:37:49 [INFO]: 游니 RUNNING http://localhost:3001
2026-01-09 10:20:36 [INFO]: 游니 RUNNING http://localhost:3001
2026-01-09 10:21:11 [INFO]: 游니 RUNNING http://localhost:3001
2026-01-09 10:22:17 [INFO]: 游니 RUNNING http://localhost:3001
2026-01-09 10:23:04 [INFO]: 游니 RUNNING http://localhost:3001
2026-01-09 10:23:39 [INFO]: 游니 RUNNING http://localhost:3001
2026-01-09 10:23:54 [INFO]: 游니 RUNNING http://localhost:3001
2026-01-09 10:24:11 [INFO]: 游니 RUNNING http://localhost:3001
2026-01-09 10:24:40 [INFO]: 游니 RUNNING http://localhost:3001
2026-01-09 10:28:29 [INFO]: 游니 RUNNING http://localhost:3001
2026-01-09 10:33:05 [INFO]: 游니 RUNNING http://localhost:3001
2026-01-09 10:33:56 [INFO]: 游니 RUNNING http://localhost:3001
2026-01-09 10:35:22 [INFO]: Reset produksi berhasil dilakukan oleh Supervisor
2026-01-09 10:57:49 [INFO]: SIGINT received. Closing server...
2026-01-09 10:57:49 [INFO]: HTTP server closed.
2026-01-09 11:05:50 [INFO]: 游니 RUNNING http://localhost:3001
2026-01-09 11:23:38 [INFO]: SIGUSR2 received. Closing server...
2026-01-09 11:23:38 [INFO]: HTTP server closed.
2026-01-09 11:23:38 [INFO]: 游니 RUNNING http://localhost:3001
2026-01-09 11:24:19 [INFO]: SIGUSR2 received. Closing server...
2026-01-09 11:24:19 [INFO]: HTTP server closed.
2026-01-09 11:24:19 [INFO]: 游니 RUNNING http://localhost:3001
2026-01-09 11:27:00 [INFO]: SIGUSR2 received. Closing server...
2026-01-09 11:27:00 [INFO]: HTTP server closed.
2026-01-09 11:27:00 [INFO]: 游니 RUNNING http://localhost:3001
2026-01-09 11:27:26 [INFO]: SIGUSR2 received. Closing server...
2026-01-09 11:27:26 [INFO]: HTTP server closed.
2026-01-09 11:27:26 [INFO]: 游니 RUNNING http://localhost:3001
2026-01-09 11:27:27 [INFO]: SIGUSR2 received. Closing server...
2026-01-09 11:27:27 [INFO]: 游니 RUNNING http://localhost:3001
2026-01-09 11:27:31 [INFO]: SIGUSR2 received. Closing server...
2026-01-09 11:27:31 [INFO]: HTTP server closed.
2026-01-09 11:27:31 [INFO]: 游니 RUNNING http://localhost:3001
2026-01-09 11:27:44 [INFO]: SIGUSR2 received. Closing server...
2026-01-09 11:27:44 [INFO]: HTTP server closed.
2026-01-09 11:27:44 [INFO]: 游니 RUNNING http://localhost:3001
2026-01-09 11:49:29 [INFO]: SIGUSR2 received. Closing server...
2026-01-09 11:49:29 [INFO]: HTTP server closed.
2026-01-09 11:49:29 [INFO]: 游니 RUNNING http://localhost:3001
2026-01-09 11:49:48 [INFO]: SIGUSR2 received. Closing server...
2026-01-09 11:49:48 [INFO]: HTTP server closed.
2026-01-09 11:49:48 [INFO]: 游니 RUNNING http://localhost:3001
2026-01-09 11:50:00 [INFO]: SIGUSR2 received. Closing server...
2026-01-09 11:50:00 [INFO]: HTTP server closed.
2026-01-09 11:50:01 [INFO]: 游니 RUNNING http://localhost:3001
2026-01-09 11:50:09 [INFO]: SIGUSR2 received. Closing server...
2026-01-09 11:50:09 [INFO]: HTTP server closed.
2026-01-09 11:50:09 [INFO]: 游니 RUNNING http://localhost:3001
2026-01-09 11:50:18 [INFO]: SIGUSR2 received. Closing server...
2026-01-09 11:50:18 [INFO]: HTTP server closed.
2026-01-09 11:50:18 [INFO]: 游니 RUNNING http://localhost:3001
2026-01-09 11:50:25 [INFO]: SIGUSR2 received. Closing server...
2026-01-09 11:50:25 [INFO]: HTTP server closed.
2026-01-09 11:50:26 [INFO]: 游니 RUNNING http://localhost:3001
2026-01-09 11:50:42 [INFO]: SIGUSR2 received. Closing server...
2026-01-09 11:50:42 [INFO]: HTTP server closed.
2026-01-09 11:50:42 [INFO]: 游니 RUNNING http://localhost:3001
2026-01-09 11:50:54 [INFO]: SIGUSR2 received. Closing server...
2026-01-09 11:50:54 [INFO]: HTTP server closed.
